<?xml version="1.0" encoding="UTF-8"?>
<testExecutions version="1">
  <file path="C:\workspace\unmsm\CICLO-VII\MFP\Proyecto-MFP-Back\__tests__\models\index.test.js">
    <testCase name="index.js" duration="239"/>
  </file>
  <file path="C:\workspace\unmsm\CICLO-VII\MFP\Proyecto-MFP-Back\__tests__\services\alojamiento.service.test.js">
    <testCase name="create" duration="194"/>
    <testCase name="getById" duration="27"/>
    <testCase name="getAll" duration="12"/>
  </file>
  <file path="C:\workspace\unmsm\CICLO-VII\MFP\Proyecto-MFP-Back\__tests__\routes\alojamiento.routes.test.js">
    <testCase name="Alojamiento Routes Get route /alojamiento with status 200" duration="41"/>
    <testCase name="Alojamiento Routes Get route /alojamiento/:id with status 200" duration="16"/>
    <testCase name="Alojamiento Routes Post route /alojamiento with status 400" duration="43"/>
  </file>
  <file path="C:\workspace\unmsm\CICLO-VII\MFP\Proyecto-MFP-Back\__tests__\routes\caracteristicas.routes.test.js">
    <testCase name="Caracteristicas Routes Post route /caracteristicas with status 200" duration="19"/>
  </file>
  <file path="C:\workspace\unmsm\CICLO-VII\MFP\Proyecto-MFP-Back\__tests__\routes\anuncio.routes.test.js">
    <testCase name="Anuncio Routes Post route /anuncio with status 200" duration="30"/>
    <testCase name="Anuncio Routes Get route /anuncio with status 200" duration="33"/>
    <testCase name="Anuncio Routes Get route /anuncio/:id with status 200" duration="17"/>
  </file>
  <file path="C:\workspace\unmsm\CICLO-VII\MFP\Proyecto-MFP-Back\__tests__\routes\tipo_alojamiento.routes.test.js">
    <testCase name="Tipo alojamiento Routes Get route /tipo_alojamiento with status 200" duration="28"/>
  </file>
  <file path="C:\workspace\unmsm\CICLO-VII\MFP\Proyecto-MFP-Back\__tests__\routes\favoritos.routes.test.js">
    <testCase name="Favoritos Routes Get route /favoritos with status 200" duration="34"/>
    <testCase name="Favoritos Routes Post rout /favoritos with status 200" duration="41"/>
  </file>
  <file path="C:\workspace\unmsm\CICLO-VII\MFP\Proyecto-MFP-Back\__tests__\routes\usuario.routes.test.js">
    <testCase name="User Routes Post route /login with status 200" duration="612"/>
    <testCase name="User Routes Post route /login with status 404" duration="98"/>
    <testCase name="User Routes Post rout /registro with status 200" duration="108"/>
    <testCase name="User Routes Post rout /registro with status 404" duration="103"/>
    <testCase name="User Routes Put rout /usuarios/:id with status 200" duration="14"/>
    <testCase name="User Routes Put rout /usuarios/:id with status 404" duration="8"/>
    <testCase name="User Routes Delete rout /usuarios/:id with status 200" duration="14"/>
    <testCase name="User Routes Delete rout /usuarios/:id with status 404" duration="6"/>
  </file>
</testExecutions>