<?xml version="1.0" encoding="UTF-8"?>
<testExecutions version="1">
  <file path="C:\workspace\unmsm\CICLO-VII\MFP\Proyecto-MFP-Back\__tests__\models\index.test.js">
    <testCase name="index.js" duration="237"/>
  </file>
  <file path="C:\workspace\unmsm\CICLO-VII\MFP\Proyecto-MFP-Back\__tests__\services\alojamiento.service.test.js">
    <testCase name="create" duration="280"/>
    <testCase name="getById" duration="31"/>
    <testCase name="getAll" duration="10"/>
  </file>
  <file path="C:\workspace\unmsm\CICLO-VII\MFP\Proyecto-MFP-Back\__tests__\routes\tipo_alojamiento.routes.test.js">
    <testCase name="Tipo alojamiento Routes Get route /tipo_alojamiento with status 200" duration="21"/>
  </file>
  <file path="C:\workspace\unmsm\CICLO-VII\MFP\Proyecto-MFP-Back\__tests__\routes\anuncio.routes.test.js">
    <testCase name="Anuncio Routes Post route /anuncio with status 200" duration="26"/>
    <testCase name="Anuncio Routes Get route /anuncio with status 200" duration="21"/>
    <testCase name="Anuncio Routes Get route /anuncio/:id with status 200" duration="9"/>
  </file>
  <file path="C:\workspace\unmsm\CICLO-VII\MFP\Proyecto-MFP-Back\__tests__\routes\favoritos.routes.test.js">
    <testCase name="Favoritos Routes Get route /favoritos with status 200" duration="28"/>
    <testCase name="Favoritos Routes Post rout /favoritos with status 200" duration="34"/>
    <testCase name="Favoritos Routes Get one route /favoritos/:id with status 200" duration="8"/>
    <testCase name="Favoritos Routes Get one route /favoritos/:id with status 404" duration="8"/>
    <testCase name="Favoritos Routes Delete route /favoritos with status 200" duration="8"/>
  </file>
  <file path="C:\workspace\unmsm\CICLO-VII\MFP\Proyecto-MFP-Back\__tests__\routes\caracteristicas.routes.test.js">
    <testCase name="Caracteristicas Routes Post route /caracteristicas with status 200" duration="18"/>
  </file>
  <file path="C:\workspace\unmsm\CICLO-VII\MFP\Proyecto-MFP-Back\__tests__\routes\usuario.routes.test.js">
    <testCase name="User Routes Post route /login with status 200" duration="284"/>
    <testCase name="User Routes Post route /login with status 404" duration="104"/>
    <testCase name="User Routes Post rout /registro with status 200" duration="111"/>
    <testCase name="User Routes Post rout /registro with status 404" duration="95"/>
    <testCase name="User Routes Put rout /usuarios/:id with status 200" duration="14"/>
    <testCase name="User Routes Put rout /usuarios/:id with status 404" duration="9"/>
    <testCase name="User Routes Delete rout /usuarios/:id with status 200" duration="19"/>
    <testCase name="User Routes Delete rout /usuarios/:id with status 404" duration="10"/>
  </file>
  <file path="C:\workspace\unmsm\CICLO-VII\MFP\Proyecto-MFP-Back\__tests__\routes\alojamiento.routes.test.js">
    <testCase name="Alojamiento Routes Get route /alojamiento with status 200" duration="41"/>
    <testCase name="Alojamiento Routes Get route /alojamiento/:id with status 200" duration="16"/>
    <testCase name="Alojamiento Routes Post route /alojamiento with status 200" duration="1931"/>
    <testCase name="Put route /alojamiento with status 200" duration="1340"/>
    <testCase name="Delete route /alojamiento with status 200" duration="11"/>
  </file>
</testExecutions>