<?xml version="1.0" encoding="UTF-8"?>
<testExecutions version="1">
  <file path="C:\workspace\unmsm\CICLO-VII\MFP\Proyecto-MFP-Back\__tests__\models\index.test.js">
    <testCase name="index.js" duration="288"/>
  </file>
  <file path="C:\workspace\unmsm\CICLO-VII\MFP\Proyecto-MFP-Back\__tests__\services\alojamiento.service.test.js">
    <testCase name="create" duration="240"/>
    <testCase name="getById" duration="40"/>
    <testCase name="getAll" duration="7"/>
  </file>
  <file path="C:\workspace\unmsm\CICLO-VII\MFP\Proyecto-MFP-Back\__tests__\routes\imagenes_anuncio.routes.test.js">
    <testCase name="Imagenes_anuncio Routes Post route /imagenes_anuncio with status 200" duration="39"/>
    <testCase name="Imagenes_anuncio Routes Get route /imagenes_anuncio with status 200" duration="18"/>
  </file>
  <file path="C:\workspace\unmsm\CICLO-VII\MFP\Proyecto-MFP-Back\__tests__\routes\anuncio.routes.test.js">
    <testCase name="Anuncio Routes Post route /anuncio with status 200" duration="39"/>
    <testCase name="Anuncio Routes Get route /anuncio with status 200" duration="23"/>
    <testCase name="Anuncio Routes Get route /anuncio/:id with status 200" duration="10"/>
  </file>
  <file path="C:\workspace\unmsm\CICLO-VII\MFP\Proyecto-MFP-Back\__tests__\routes\caracteristicas.routes.test.js">
    <testCase name="Caracteristicas Routes Post route /caracteristicas with status 200" duration="17"/>
  </file>
  <file path="C:\workspace\unmsm\CICLO-VII\MFP\Proyecto-MFP-Back\__tests__\routes\tipo_alojamiento.routes.test.js">
    <testCase name="Tipo alojamiento Routes Get route /tipo_alojamiento with status 200" duration="24"/>
  </file>
  <file path="C:\workspace\unmsm\CICLO-VII\MFP\Proyecto-MFP-Back\__tests__\routes\comentarios.routes.test.js">
    <testCase name="Comentarios Routes Post route /comentarios with status 200" duration="41"/>
  </file>
  <file path="C:\workspace\unmsm\CICLO-VII\MFP\Proyecto-MFP-Back\__tests__\routes\reservas.routes.test.js">
    <testCase name="Reservas Routes Post route /reservas with status 200" duration="49"/>
    <testCase name="Reservas Routes Get route /reservas/realizadas with status 200" duration="41"/>
    <testCase name="Reservas Routes Get route /reservas/recibidas with status 200" duration="14"/>
  </file>
  <file path="C:\workspace\unmsm\CICLO-VII\MFP\Proyecto-MFP-Back\__tests__\routes\favoritos.routes.test.js">
    <testCase name="Favoritos Routes Get route /favoritos with status 200" duration="32"/>
    <testCase name="Favoritos Routes Post rout /favoritos with status 200" duration="24"/>
    <testCase name="Favoritos Routes Get one route /favoritos/:id with status 200" duration="9"/>
    <testCase name="Favoritos Routes Get one route /favoritos/:id with status 404" duration="10"/>
    <testCase name="Favoritos Routes Delete route /favoritos with status 200" duration="18"/>
  </file>
  <file path="C:\workspace\unmsm\CICLO-VII\MFP\Proyecto-MFP-Back\__tests__\routes\usuario.routes.test.js">
    <testCase name="User Routes Post route /login with status 200" duration="532"/>
    <testCase name="User Routes Post route /login with status 404" duration="100"/>
    <testCase name="User Routes Post route /login with status 404" duration="12"/>
    <testCase name="User Routes Post rout /registro with status 200" duration="124"/>
    <testCase name="User Routes Post rout /registro with status 404" duration="95"/>
    <testCase name="User Routes Put rout /usuarios/:id with status 200" duration="89"/>
    <testCase name="User Routes Put rout /usuarios/:id with status 200" duration="6"/>
    <testCase name="User Routes Put rout /usuarios/:id with status 404" duration="66"/>
    <testCase name="User Routes Delete rout /usuarios/:id with status 200" duration="9"/>
    <testCase name="User Routes Delete rout /usuarios/:id with status 404" duration="5"/>
  </file>
  <file path="C:\workspace\unmsm\CICLO-VII\MFP\Proyecto-MFP-Back\__tests__\routes\alojamiento.routes.test.js">
    <testCase name="Alojamiento Routes Get route /alojamiento with status 200" duration="44"/>
    <testCase name="Alojamiento Routes Get route /alojamiento/:id with status 200" duration="31"/>
    <testCase name="Alojamiento Routes Post route /alojamiento with status 200" duration="1592"/>
    <testCase name="Put route /alojamiento with status 200" duration="1549"/>
    <testCase name="Delete route /alojamiento with status 200" duration="19"/>
  </file>
</testExecutions>